Arguments: 
  C:\Users\Nilson\scoop\apps\nvm\current\nodejs\nodejs\node.exe C:\Program Files (x86)\Yarn\bin\yarn.js init

PATH: 
  C:\Program Files (x86)\Common Files\Oracle\Java\javapath;C:\Program Files (x86)\NVIDIA Corporation\PhysX\Common;C:\ProgramData\Oracle\Java\javapath;C:\WINDOWS\system32;C:\WINDOWS;C:\WINDOWS\System32\Wbem;C:\WINDOWS\System32\WindowsPowerShell\v1.0\;C:\Program Files (x86)\Windows Kits\10\Windows Performance Toolkit\;C:\Users\Nilson\AppData\Local\Microsoft\WindowsApps;C:\Users\Nilson\AppData\Local\atom\bin;C:\Program Files\Microsoft VS Code\bin;C:\Users\Nilson\AppData\Roaming\npm;C:\adb;C:\WINDOWS\system32;C:\WINDOWS;C:\WINDOWS\System32\Wbem;C:\WINDOWS\System32\WindowsPowerShell\v1.0\;C:\WINDOWS\System32\OpenSSH\;C:\Program Files\Git\cmd;C:\Program Files (x86)\Yarn\bin\;C:\Users\Nilson\scoop\apps\nvm\current\nodejs\nodejs;C:\Users\Nilson\scoop\shims;C:\Users\Nilson\AppData\Local\Microsoft\WindowsApps;C:\Users\Nilson\AppData\Local\atom\bin;C:\Program Files\Microsoft VS Code\bin;C:\Users\Nilson\AppData\Local\Microsoft\WindowsApps;C:\Users\Nilson\AppData\Local\Yarn\bin;C:\Program Files\Heroku\bin

Yarn version: 
  1.9.4

Node version: 
  8.12.0

Platform: 
  win32 x64

Trace: 
  Error: canceled
      at Interface.<anonymous> (C:\Program Files (x86)\Yarn\lib\cli.js:126002:13)
      at emitNone (events.js:106:13)
      at Interface.emit (events.js:208:7)
      at Interface._ttyWrite (readline.js:774:16)
      at ReadStream.onkeypress (readline.js:158:10)
      at emitTwo (events.js:126:13)
      at ReadStream.emit (events.js:214:7)
      at emitKeys (internal/readline.js:420:14)
      at emitKeys.next (<anonymous>)
      at ReadStream.onData (readline.js:1010:36)

npm manifest: 
  {
    "name": "code-guide",
    "version": "1.0.0",
    "description": "Helping coders since 2018",
    "directories": {
      "doc": "docs"
    },
    "scripts": {
      "docs:dev": "vuepress dev docs",
      "docs:build": "vuepress build docs"
    },
    "repository": {
      "type": "git",
      "url": "git+https://github.com/nilsontan/code-guide.git"
    },
    "keywords": ["code", "coding", "guide"],
    "author": "Nilson Tan",
    "license": "MIT",
    "bugs": {
      "url": "https://github.com/nilsontan/code-guide/issues"
    },
    "homepage": "https://github.com/nilsontan/code-guide#readme"
  }

yarn manifest: 
  No manifest

Lockfile: 
  No lockfile
